1647195952418	geckodriver	INFO	Listening on 127.0.0.1:53064
1647195955578	mozrunner::runner	INFO	Running command: "C:\\Program Files\\Mozilla Firefox\\firefox.exe" "--marionette" "--remote-debugging-port" "53065" "-no-remote" "-profile" "C:\\Users\\Emanuel\\AppData\\Local\\Temp\\rust_mozprofileFItE2i"
1647195958691	Marionette	INFO	Marionette enabled
console.warn: SearchSettings: "get: No settings file exists, new profile?" (new NotFoundError("Could not open the file at C:\\Users\\Emanuel\\AppData\\Local\\Temp\\rust_mozprofileFItE2i\\search.json.mozlz4", (void 0)))
DevTools listening on ws://localhost:53065/devtools/browser/6edc3b1f-72d8-49c4-ae3f-4833121ff6b7
1647195975068	Marionette	INFO	Listening on port 53070
1647195975338	RemoteAgent	WARN	TLS certificate errors will be ignored for this session
console.warn: LoginRecipes: "getRecipes: falling back to a synchronous message for:" "https://accounts.google.com"
console.warn: LoginRecipes: "getRecipes: falling back to a synchronous message for:" "https://accounts.google.com"
JavaScript warning: https://accounts.google.com/ServiceLogin?service=mail&passive=1209600&osid=1&continue=https://mail.google.com/mail/u/0/&followup=https://mail.google.com/mail/u/0/&emr=1 line 1 > eval line 3109 > eval line 1 > eval line 1 > eval, line 1: WEBGL_debug_renderer_info is deprecated in Firefox and will be removed. Please use RENDERER.
console.warn: LoginRecipes: "getRecipes: falling back to a synchronous message for:" "https://accounts.google.com"
console.error: (new TypeError("parent is null", "resource://devtools/client/inspector/shared/style-change-tracker.js", 67))
TypeError: parent is null: canMutationImpactCurrentStyles@resource://devtools/client/inspector/shared/style-change-tracker.js:67:24
onMutations@resource://devtools/client/inspector/shared/style-change-tracker.js:84:41
_emit@resource://devtools/shared/event-emitter.js:244:34
emit@resource://devtools/shared/event-emitter.js:190:18
emit@resource://devtools/shared/event-emitter.js:342:18
getMutations@resource://devtools/client/fronts/walker.js:312:10

JavaScript warning: https://accounts.google.com/ServiceLogin?service=mail&passive=1209600&osid=1&continue=https://mail.google.com/mail/u/0/&followup=https://mail.google.com/mail/u/0/&emr=1 line 1 > eval line 6824 > eval line 1 > eval line 1 > eval, line 1: WEBGL_debug_renderer_info is deprecated in Firefox and will be removed. Please use RENDERER.
console.warn: "Failed to add session data entry for frame targets in browsing context" 2147483652
console.warn: (new AbortError("Actor 'DevToolsFrame' destroyed before query 'DevToolsFrameParent:addSessionDataEntry' was resolved", (void 0)))
console.warn: "Error while destroying front:" "inspector" (new Error("Connection closed, pending request to server0.conn0.windowGlobal2147483659/inspectorActor4, type getWalker failed\n\nRequest stack:\nrequest@resource://devtools/shared/protocol/Front.js:292:14\ngenerateRequestMethods/</frontProto[name]@resource://devtools/shared/protocol/Front/FrontClassWithSpec.js:46:19\n_getWalker@resource://devtools/client/fronts/inspector.js:90:30\ninitialize@resource://devtools/client/fronts/inspector.js:79:12\n", "resource://devtools/shared/protocol/Front.js", 106))
console.error: "Failed to start [root-node] legacy listener for target null" (new Error("Connection closed, pending request to server0.conn0.windowGlobal2147483659/inspectorActor4, type getWalker failed\n\nRequest stack:\nrequest@resource://devtools/shared/protocol/Front.js:292:14\ngenerateRequestMethods/</frontProto[name]@resource://devtools/shared/protocol/Front/FrontClassWithSpec.js:46:19\n_getWalker@resource://devtools/client/fronts/inspector.js:90:30\ninitialize@resource://devtools/client/fronts/inspector.js:79:12\n", "resource://devtools/shared/protocol/Front.js", 106))
JavaScript error: resource://devtools/shared/protocol/Front.js, line 106: Error: Connection closed, pending request to server0.conn0.windowGlobal2147483659/inspectorActor4, type getWalker failed

Request stack:
request@resource://devtools/shared/protocol/Front.js:292:14
generateRequestMethods/</frontProto[name]@resource://devtools/shared/protocol/Front/FrontClassWithSpec.js:46:19
_getWalker@resource://devtools/client/fronts/inspector.js:90:30
initialize@resource://devtools/client/fronts/inspector.js:79:12

JavaScript warning: https://accounts.google.com/ServiceLogin?service=mail&passive=1209600&osid=1&continue=https://mail.google.com/mail/u/0/&followup=https://mail.google.com/mail/u/0/&emr=1 line 1 > eval line 295 > eval line 1 > eval line 1 > eval, line 1: WEBGL_debug_renderer_info is deprecated in Firefox and will be removed. Please use RENDERER.
console.warn: LoginRecipes: "getRecipes: falling back to a synchronous message for:" "https://accounts.google.com"
JavaScript warning: https://accounts.google.com/ServiceLogin?service=mail&passive=1209600&osid=1&continue=https://mail.google.com/mail/u/0/&followup=https://mail.google.com/mail/u/0/&emr=1 line 1 > eval line 4935 > eval line 1 > eval line 1 > eval, line 1: WEBGL_debug_renderer_info is deprecated in Firefox and will be removed. Please use RENDERER.
console.error: "Error while calling actor 'domwalker's method 'getEmbedderElement'" "Component returned failure code: 0x80004005 (NS_ERROR_FAILURE) [inIDeepTreeWalker.currentNode]"
console.error: ({})
console.warn: "Error while destroying front:" "inspector" (new Error("Protocol error (NS_ERROR_FAILURE): Component returned failure code: 0x80004005 (NS_ERROR_FAILURE) [inIDeepTreeWalker.currentNode] from: server0.conn0.windowGlobal2147483650/domwalker23 (resource://devtools/server/actors/inspector/document-walker.js:79:0)", "resource://devtools/shared/protocol/Front.js", 365))
console.error: "Failed to start [root-node] legacy listener for target null" (new Error("Protocol error (NS_ERROR_FAILURE): Component returned failure code: 0x80004005 (NS_ERROR_FAILURE) [inIDeepTreeWalker.currentNode] from: server0.conn0.windowGlobal2147483650/domwalker23 (resource://devtools/server/actors/inspector/document-walker.js:79:0)", "resource://devtools/shared/protocol/Front.js", 365))
JavaScript error: resource://devtools/shared/protocol/Front.js, line 365: Error: Protocol error (NS_ERROR_FAILURE): Component returned failure code: 0x80004005 (NS_ERROR_FAILURE) [inIDeepTreeWalker.currentNode] from: server0.conn0.windowGlobal2147483650/domwalker23 (resource://devtools/server/actors/inspector/document-walker.js:79:0)
1647196891388	geckodriver	INFO	Listening on 127.0.0.1:53471
1647196894805	mozrunner::runner	INFO	Running command: "C:\\Program Files\\Mozilla Firefox\\firefox.exe" "--marionette" "--remote-debugging-port" "53472" "-no-remote" "-profile" "C:\\Users\\Emanuel\\AppData\\Local\\Temp\\rust_mozprofileS3GSg6"
1647196898475	Marionette	INFO	Marionette enabled
console.warn: SearchSettings: "get: No settings file exists, new profile?" (new NotFoundError("Could not open the file at C:\\Users\\Emanuel\\AppData\\Local\\Temp\\rust_mozprofileS3GSg6\\search.json.mozlz4", (void 0)))
DevTools listening on ws://localhost:53472/devtools/browser/92a59d22-1075-4bb0-aae8-3376df672bfd
1647196920464	Marionette	INFO	Listening on port 53477
1647196920923	RemoteAgent	WARN	TLS certificate errors will be ignored for this session
JavaScript error: resource://gre/modules/AsyncShutdown.jsm, line 575: NotFoundError: No such JSWindowActor 'DevToolsFrame'
1647197141900	Marionette	INFO	Stopped listening on port 53477
console.warn: TopSitesFeed: Failed to fetch data from Contile server: NetworkError when attempting to fetch resource.
[Parent 8208, IPC I/O Parent] WARNING: file /builds/worker/checkouts/gecko/ipc/chromium/src/base/process_util_win.cc:167
1647197150618	geckodriver	INFO	Listening on 127.0.0.1:49830
1647197153681	mozrunner::runner	INFO	Running command: "C:\\Program Files\\Mozilla Firefox\\firefox.exe" "--marionette" "--remote-debugging-port" "49831" "-no-remote" "-profile" "C:\\Users\\Emanuel\\AppData\\Local\\Temp\\rust_mozprofile3gNxDN"
1647197155372	Marionette	INFO	Marionette enabled
console.warn: SearchSettings: "get: No settings file exists, new profile?" (new NotFoundError("Could not open the file at C:\\Users\\Emanuel\\AppData\\Local\\Temp\\rust_mozprofile3gNxDN\\search.json.mozlz4", (void 0)))
DevTools listening on ws://localhost:49831/devtools/browser/b52bb50f-e7c8-4aa7-a878-dffe34f7f7cc
1647197163356	Marionette	INFO	Listening on port 49836
1647197164101	RemoteAgent	WARN	TLS certificate errors will be ignored for this session
JavaScript error: chrome://global/content/elements/browser-custom-element.js, line 1616: Error: permitUnload is already running for this tab.
1647197704976	Marionette	INFO	Stopped listening on port 49836
console.error: "Exception while opening the toolbox" "Error: Connection closed, pending request to server0.conn0.watcher2, type watchTargets failed\n\nRequest stack:\nrequest@resource://devtools/shared/protocol/Front.js:292:14\ngenerateRequestMethods/</frontProto[name]@resource://devtools/shared/protocol/Front/FrontClassWithSpec.js:46:19\nstartListening@resource://devtools/shared/commands/target/target-command.js:432:35\nobserve@resource://gre/modules/AsyncShutdown.jsm:575:16\n" (new Error("Connection closed, pending request to server0.conn0.watcher2, type watchTargets failed\n\nRequest stack:\nrequest@resource://devtools/shared/protocol/Front.js:292:14\ngenerateRequestMethods/</frontProto[name]@resource://devtools/shared/protocol/Front/FrontClassWithSpec.js:46:19\nstartListening@resource://devtools/shared/commands/target/target-command.js:432:35\nobserve@resource://gre/modules/AsyncShutdown.jsm:575:16\n", "resource://devtools/shared/protocol/Front.js", 106))
baseFrontClassDestroy@resource://devtools/shared/protocol/Front.js:106:23
destroy@resource://devtools/shared/protocol/Front.js:74:10
destroy@resource://devtools/shared/protocol/Pool.js:210:17
baseFrontClassDestroy@resource://devtools/shared/protocol/Front.js:110:13
destroy@resource://devtools/shared/protocol/Front.js:74:10
destroy@resource://devtools/client/fronts/descriptors/descriptor-mixin.js:67:19
destroy@resource://devtools/client/fronts/descriptors/tab.js:97:11
_emit@resource://devtools/shared/event-emitter.js:244:34
emit@resource://devtools/shared/event-emitter.js:190:18
emit@resource://devtools/shared/event-emitter.js:342:18
onPacket@resource://devtools/shared/protocol/Front.js:336:13
onPacket@resource://devtools/client/devtools-client.js:482:13
send/<@resource://devtools/shared/transport/local-transport.js:68:25
exports.makeInfallible/<@resource://devtools/shared/ThreadSafeDevToolsUtils.js:103:22
exports.makeInfallible/<@resource://devtools/shared/ThreadSafeDevToolsUtils.js:103:22

JavaScript error: resource://devtools/client/framework/toolbox.js, line 4105: TypeError: this.toolbarButtons is undefined
JavaScript error: resource://devtools/client/shared/WeakMapMap.js, line 73: TypeError: WeakMap key must be an object, got key
console.warn: TopSitesFeed: Failed to fetch data from Contile server: NetworkError when attempting to fetch resource.
1647198615662	geckodriver	INFO	Listening on 127.0.0.1:50180
1647198619055	mozrunner::runner	INFO	Running command: "C:\\Program Files\\Mozilla Firefox\\firefox.exe" "--marionette" "--remote-debugging-port" "50181" "-no-remote" "-profile" "C:\\Users\\Emanuel\\AppData\\Local\\Temp\\rust_mozprofile4vD2co"
1647198623252	Marionette	INFO	Marionette enabled
console.warn: SearchSettings: "get: No settings file exists, new profile?" (new NotFoundError("Could not open the file at C:\\Users\\Emanuel\\AppData\\Local\\Temp\\rust_mozprofile4vD2co\\search.json.mozlz4", (void 0)))
DevTools listening on ws://localhost:50181/devtools/browser/5f9b0ef3-3b10-47d2-a0b0-802870e61139
1647198642982	Marionette	INFO	Listening on port 50186
1647198643342	RemoteAgent	WARN	TLS certificate errors will be ignored for this session
JavaScript error: resource://devtools/client/framework/toolbox.js, line 2096: TypeError: currentPanel is undefined
JavaScript error: resource://gre/modules/AsyncShutdown.jsm, line 575: NotFoundError: No such JSWindowActor 'DevToolsFrame'
1647198763677	Marionette	INFO	Stopped listening on port 50186
[Parent 14692, IPC I/O Parent] WARNING: file /builds/worker/checkouts/gecko/ipc/chromium/src/base/process_util_win.cc:167
console.warn: TopSitesFeed: Failed to fetch data from Contile server: NetworkError when attempting to fetch resource.
JavaScript error: resource:///modules/WindowsJumpLists.jsm, line 288: TypeError: this._builder is undefined

###!!! [Parent][PGPUParent] Error: RunMessage(msgname=PGPU::Msg_ShutdownVR) Channel closing: too late to send/recv, messages will be lost

1647198802163	geckodriver	INFO	Listening on 127.0.0.1:55718
1647198805651	mozrunner::runner	INFO	Running command: "C:\\Program Files\\Mozilla Firefox\\firefox.exe" "--marionette" "--remote-debugging-port" "55719" "-no-remote" "-profile" "C:\\Users\\Emanuel\\AppData\\Local\\Temp\\rust_mozprofile1zfPQF"
1647198826937	Marionette	INFO	Marionette enabled
console.error: Region.jsm: "Error fetching region" (new Error("TIMEOUT", "resource://gre/modules/Region.jsm", 772))
console.error: Region.jsm: "Failed to fetch region" (new Error("TIMEOUT", "resource://gre/modules/Region.jsm", 419))
console.warn: SearchSettings: "get: No settings file exists, new profile?" (new NotFoundError("Could not open the file at C:\\Users\\Emanuel\\AppData\\Local\\Temp\\rust_mozprofile1zfPQF\\search.json.mozlz4", (void 0)))
DevTools listening on ws://localhost:55719/devtools/browser/a26ac797-0f3f-4ad4-96c3-757d4c77eba2
1647198882241	Marionette	INFO	Listening on port 55727
1647198984067	geckodriver	INFO	Listening on 127.0.0.1:55830
1647198987179	mozrunner::runner	INFO	Running command: "C:\\Program Files\\Mozilla Firefox\\firefox.exe" "--marionette" "--remote-debugging-port" "55831" "-no-remote" "-profile" "C:\\Users\\Emanuel\\AppData\\Local\\Temp\\rust_mozprofileRUzg80"
1647198988705	Marionette	INFO	Marionette enabled
console.warn: SearchSettings: "get: No settings file exists, new profile?" (new NotFoundError("Could not open the file at C:\\Users\\Emanuel\\AppData\\Local\\Temp\\rust_mozprofileRUzg80\\search.json.mozlz4", (void 0)))
DevTools listening on ws://localhost:55831/devtools/browser/d37b2f61-7faa-4bdf-ae16-c3bc4a2fe49c
1647198998722	Marionette	INFO	Listening on port 55836
1647199000401	RemoteAgent	WARN	TLS certificate errors will be ignored for this session
1647199018991	Marionette	WARN	TimedPromise timed out after 500 ms: stacktrace:
TimedPromise/<@chrome://remote/content/marionette/sync.js:235:19
TimedPromise@chrome://remote/content/marionette/sync.js:220:10
interaction.flushEventLoop@chrome://remote/content/marionette/interaction.js:431:10
webdriverClickElement@chrome://remote/content/marionette/interaction.js:179:31
1647199297536	Marionette	INFO	Stopped listening on port 55836
console.warn: TopSitesFeed: Failed to fetch data from Contile server: NetworkError when attempting to fetch resource.
